<?xml version="1.0" encoding="UTF-8"?>
<robot generator="Robot 4.1.3 (Python 3.10.2 on win32)" generated="20220205 15:21:20.606" rpa="false" schemaversion="2">
<suite id="s1" name="SauceDemo" source="D:\Q.A\SenceData\SauceDemo.robot">
<test id="s1-t1" name="Teste Desafio SenceData">
<kw name="Nova sessão" library="base" type="SETUP">
<kw name="Open Browser" library="SeleniumLibrary">
<arg>${url}</arg>
<arg>chrome</arg>
<doc>Opens a new browser instance to the optional ``url``.</doc>
<msg timestamp="20220205 15:21:21.101" level="INFO">Opening browser 'chrome' to base url 'https://www.saucedemo.com'.</msg>
<status status="PASS" starttime="20220205 15:21:21.101" endtime="20220205 15:21:22.930"/>
</kw>
<status status="PASS" starttime="20220205 15:21:21.101" endtime="20220205 15:21:22.930"/>
</kw>
<kw name="Dado Que eu faça login com usuário standard" library="login">
<kw name="Input Text" library="SeleniumLibrary">
<arg>${lblusername}</arg>
<arg>standard_user</arg>
<doc>Types the given ``text`` into the text field identified by ``locator``.</doc>
<msg timestamp="20220205 15:21:22.936" level="INFO">Typing text 'standard_user' into text field 'css:input[name=user-name]'.</msg>
<status status="PASS" starttime="20220205 15:21:22.933" endtime="20220205 15:21:23.118"/>
</kw>
<kw name="Input Password" library="SeleniumLibrary">
<arg>${lblpassword}</arg>
<arg>secret_sauce</arg>
<doc>Types the given password into the text field identified by ``locator``.</doc>
<msg timestamp="20220205 15:21:23.119" level="INFO">Typing password into text field 'css:input[name=password]'.</msg>
<msg timestamp="20220205 15:21:23.186" level="INFO">Temporally setting log level to: NONE</msg>
<msg timestamp="20220205 15:21:23.258" level="INFO">Log level changed from NONE to INFO.</msg>
<status status="PASS" starttime="20220205 15:21:23.119" endtime="20220205 15:21:23.258"/>
</kw>
<kw name="Click Element" library="SeleniumLibrary">
<arg>${btnlogin}</arg>
<doc>Click the element identified by ``locator``.</doc>
<msg timestamp="20220205 15:21:23.259" level="INFO">Clicking element 'css:input[value='Login']'.</msg>
<status status="PASS" starttime="20220205 15:21:23.259" endtime="20220205 15:21:23.391"/>
</kw>
<status status="PASS" starttime="20220205 15:21:22.931" endtime="20220205 15:21:23.391"/>
</kw>
<kw name="Quando ordenar o produto do menor para o maior" library="products">
<kw name="Select From List By Index" library="SeleniumLibrary">
<arg>${ordPrice}</arg>
<arg>2</arg>
<doc>Selects options from selection list ``locator`` by ``indexes``.</doc>
<msg timestamp="20220205 15:21:23.394" level="INFO">Selecting options from selection list 'xpath://select' by index 2.</msg>
<status status="PASS" starttime="20220205 15:21:23.393" endtime="20220205 15:21:23.608"/>
</kw>
<status status="PASS" starttime="20220205 15:21:23.392" endtime="20220205 15:21:23.608"/>
</kw>
<kw name="E selecionar os produtos" library="products">
<kw name="Click Button" library="SeleniumLibrary">
<arg>${btn-LabOne}</arg>
<doc>Clicks the button identified by ``locator``.</doc>
<msg timestamp="20220205 15:21:23.610" level="INFO">Clicking button 'id:add-to-cart-sauce-labs-onesie'.</msg>
<status status="PASS" starttime="20220205 15:21:23.609" endtime="20220205 15:21:23.716"/>
</kw>
<kw name="Click Button" library="SeleniumLibrary">
<arg>${btn-TheThings}</arg>
<doc>Clicks the button identified by ``locator``.</doc>
<msg timestamp="20220205 15:21:23.718" level="INFO">Clicking button 'id:add-to-cart-test.allthethings()-t-shirt-(red)'.</msg>
<status status="PASS" starttime="20220205 15:21:23.717" endtime="20220205 15:21:23.807"/>
</kw>
<status status="PASS" starttime="20220205 15:21:23.609" endtime="20220205 15:21:23.807"/>
</kw>
<kw name="E seguir para o carrinho" library="products">
<kw name="Click Link" library="SeleniumLibrary">
<arg>${lnk-cart}</arg>
<doc>Clicks a link identified by ``locator``.</doc>
<msg timestamp="20220205 15:21:23.809" level="INFO">Clicking link 'class:shopping_cart_link'.</msg>
<status status="PASS" starttime="20220205 15:21:23.808" endtime="20220205 15:21:23.911"/>
</kw>
<kw name="Click Button" library="SeleniumLibrary">
<arg>${btn-checkout}</arg>
<doc>Clicks the button identified by ``locator``.</doc>
<msg timestamp="20220205 15:21:23.912" level="INFO">Clicking button 'id:checkout'.</msg>
<status status="PASS" starttime="20220205 15:21:23.911" endtime="20220205 15:21:24.001"/>
</kw>
<status status="PASS" starttime="20220205 15:21:23.808" endtime="20220205 15:21:24.002"/>
</kw>
<kw name="Então darei continuidade a compra" library="checkout">
<kw name="Input Text" library="SeleniumLibrary">
<arg>${inp-Fname}</arg>
<arg>Rodrigo</arg>
<doc>Types the given ``text`` into the text field identified by ``locator``.</doc>
<msg timestamp="20220205 15:21:24.005" level="INFO">Typing text 'Rodrigo' into text field 'id:first-name'.</msg>
<status status="PASS" starttime="20220205 15:21:24.003" endtime="20220205 15:21:24.111"/>
</kw>
<kw name="Input Text" library="SeleniumLibrary">
<arg>${inp-Lname}</arg>
<arg>Pereira</arg>
<doc>Types the given ``text`` into the text field identified by ``locator``.</doc>
<msg timestamp="20220205 15:21:24.111" level="INFO">Typing text 'Pereira' into text field 'id:last-name'.</msg>
<status status="PASS" starttime="20220205 15:21:24.111" endtime="20220205 15:21:24.219"/>
</kw>
<kw name="Input Text" library="SeleniumLibrary">
<arg>${inp-Pcode}</arg>
<arg>412304</arg>
<doc>Types the given ``text`` into the text field identified by ``locator``.</doc>
<msg timestamp="20220205 15:21:24.219" level="INFO">Typing text '412304' into text field 'id:postal-code'.</msg>
<status status="PASS" starttime="20220205 15:21:24.219" endtime="20220205 15:21:24.317"/>
</kw>
<kw name="Click Button" library="SeleniumLibrary">
<arg>${btn-continue}</arg>
<doc>Clicks the button identified by ``locator``.</doc>
<msg timestamp="20220205 15:21:24.318" level="INFO">Clicking button 'id:continue'.</msg>
<status status="PASS" starttime="20220205 15:21:24.317" endtime="20220205 15:21:24.405"/>
</kw>
<kw name="Click Button" library="SeleniumLibrary">
<arg>${btn-finish}</arg>
<doc>Clicks the button identified by ``locator``.</doc>
<msg timestamp="20220205 15:21:24.405" level="INFO">Clicking button 'id:finish'.</msg>
<status status="PASS" starttime="20220205 15:21:24.405" endtime="20220205 15:21:24.472"/>
</kw>
<status status="PASS" starttime="20220205 15:21:24.002" endtime="20220205 15:21:24.473"/>
</kw>
<kw name="Encerra sessão" library="base" type="TEARDOWN">
<kw name="Capture Page Screenshot" library="SeleniumLibrary">
<doc>Takes a screenshot of the current page and embeds it into a log file.</doc>
<msg timestamp="20220205 15:21:24.627" level="INFO" html="true">&lt;/td&gt;&lt;/tr&gt;&lt;tr&gt;&lt;td colspan="3"&gt;&lt;a href="selenium-screenshot-2.png"&gt;&lt;img src="selenium-screenshot-2.png" width="800px"&gt;&lt;/a&gt;</msg>
<status status="PASS" starttime="20220205 15:21:24.475" endtime="20220205 15:21:24.627"/>
</kw>
<kw name="Close Browser" library="SeleniumLibrary">
<doc>Closes the current browser.</doc>
<status status="PASS" starttime="20220205 15:21:24.627" endtime="20220205 15:21:26.886"/>
</kw>
<status status="PASS" starttime="20220205 15:21:24.474" endtime="20220205 15:21:26.886"/>
</kw>
<status status="PASS" starttime="20220205 15:21:21.085" endtime="20220205 15:21:26.886"/>
</test>
<status status="PASS" starttime="20220205 15:21:20.606" endtime="20220205 15:21:26.886"/>
</suite>
<statistics>
<total>
<stat pass="1" fail="0" skip="0">All Tests</stat>
</total>
<tag>
</tag>
<suite>
<stat pass="1" fail="0" skip="0" id="s1" name="SauceDemo">SauceDemo</stat>
</suite>
</statistics>
<errors>
</errors>
</robot>
