<?xml version="1.0" encoding="UTF-8"?>
<robot generator="Robot 4.1.3 (Python 3.10.2 on win32)" generated="20220206 00:43:43.815" rpa="false" schemaversion="2">
<suite id="s1" name="SauceDemo" source="D:\Q.A\SenceData\SauceDemo.robot">
<test id="s1-t1" name="Teste Desafio SenceData">
<kw name="Nova sessão" library="base" type="SETUP">
<kw name="Open Browser" library="SeleniumLibrary">
<arg>${url}</arg>
<arg>chrome</arg>
<doc>Opens a new browser instance to the optional ``url``.</doc>
<msg timestamp="20220206 00:43:44.183" level="INFO">Opening browser 'chrome' to base url 'https://www.saucedemo.com'.</msg>
<status status="PASS" starttime="20220206 00:43:44.182" endtime="20220206 00:43:46.247"/>
</kw>
<status status="PASS" starttime="20220206 00:43:44.182" endtime="20220206 00:43:46.248"/>
</kw>
<kw name="Dado Que eu faça login com usuário standard" library="login">
<kw name="Input Text" library="SeleniumLibrary">
<arg>${lblusername}</arg>
<arg>standard_user</arg>
<doc>Types the given ``text`` into the text field identified by ``locator``.</doc>
<msg timestamp="20220206 00:43:46.251" level="INFO">Typing text 'standard_user' into text field 'css:input[name=user-name]'.</msg>
<status status="PASS" starttime="20220206 00:43:46.250" endtime="20220206 00:43:46.457"/>
</kw>
<kw name="Page Should Contain" library="SeleniumLibrary">
<arg>standard_user</arg>
<doc>Verifies that current page contains ``text``.</doc>
<msg timestamp="20220206 00:43:46.486" level="INFO">Current page contains text 'standard_user'.</msg>
<status status="PASS" starttime="20220206 00:43:46.457" endtime="20220206 00:43:46.486"/>
</kw>
<kw name="Input Password" library="SeleniumLibrary">
<arg>${lblpassword}</arg>
<arg>secret_sauce</arg>
<doc>Types the given password into the text field identified by ``locator``.</doc>
<msg timestamp="20220206 00:43:46.487" level="INFO">Typing password into text field 'css:input[name=password]'.</msg>
<msg timestamp="20220206 00:43:46.541" level="INFO">Temporally setting log level to: NONE</msg>
<msg timestamp="20220206 00:43:46.619" level="INFO">Log level changed from NONE to INFO.</msg>
<status status="PASS" starttime="20220206 00:43:46.487" endtime="20220206 00:43:46.619"/>
</kw>
<kw name="Page Should Contain" library="SeleniumLibrary">
<arg>secret_sauce</arg>
<doc>Verifies that current page contains ``text``.</doc>
<msg timestamp="20220206 00:43:46.635" level="INFO">Current page contains text 'secret_sauce'.</msg>
<status status="PASS" starttime="20220206 00:43:46.619" endtime="20220206 00:43:46.635"/>
</kw>
<kw name="Click Button" library="SeleniumLibrary">
<arg>${btnlogin}</arg>
<doc>Clicks the button identified by ``locator``.</doc>
<msg timestamp="20220206 00:43:46.636" level="INFO">Clicking button 'id:login-button'.</msg>
<status status="PASS" starttime="20220206 00:43:46.635" endtime="20220206 00:43:46.773"/>
</kw>
<status status="PASS" starttime="20220206 00:43:46.249" endtime="20220206 00:43:46.773"/>
</kw>
<kw name="Quando ordenar o produto do menor para o maior" library="products">
<kw name="Select From List By Index" library="SeleniumLibrary">
<arg>${ordPrice}</arg>
<arg>2</arg>
<doc>Selects options from selection list ``locator`` by ``indexes``.</doc>
<msg timestamp="20220206 00:43:46.785" level="INFO">Selecting options from selection list 'xpath://select' by index 2.</msg>
<status status="PASS" starttime="20220206 00:43:46.784" endtime="20220206 00:43:47.247"/>
</kw>
<kw name="Page Should Contain" library="SeleniumLibrary">
<arg>Price (high to low)</arg>
<doc>Verifies that current page contains ``text``.</doc>
<msg timestamp="20220206 00:43:47.325" level="INFO">Current page contains text 'Price (high to low)'.</msg>
<status status="PASS" starttime="20220206 00:43:47.248" endtime="20220206 00:43:47.325"/>
</kw>
<status status="PASS" starttime="20220206 00:43:46.783" endtime="20220206 00:43:47.325"/>
</kw>
<kw name="E selecionar os produtos" library="products">
<kw name="Click Button" library="SeleniumLibrary">
<arg>${btn-LabOne}</arg>
<doc>Clicks the button identified by ``locator``.</doc>
<msg timestamp="20220206 00:43:47.328" level="INFO">Clicking button 'id:add-to-cart-sauce-labs-onesie'.</msg>
<status status="PASS" starttime="20220206 00:43:47.327" endtime="20220206 00:43:47.437"/>
</kw>
<kw name="Click Button" library="SeleniumLibrary">
<arg>${btn-TheThings}</arg>
<doc>Clicks the button identified by ``locator``.</doc>
<msg timestamp="20220206 00:43:47.438" level="INFO">Clicking button 'id:add-to-cart-test.allthethings()-t-shirt-(red)'.</msg>
<status status="PASS" starttime="20220206 00:43:47.438" endtime="20220206 00:43:47.512"/>
</kw>
<status status="PASS" starttime="20220206 00:43:47.326" endtime="20220206 00:43:47.512"/>
</kw>
<kw name="E seguir para o carrinho" library="products">
<kw name="Click Link" library="SeleniumLibrary">
<arg>${lnk-cart}</arg>
<doc>Clicks a link identified by ``locator``.</doc>
<msg timestamp="20220206 00:43:47.513" level="INFO">Clicking link 'class:shopping_cart_link'.</msg>
<status status="PASS" starttime="20220206 00:43:47.513" endtime="20220206 00:43:47.593"/>
</kw>
<kw name="Click Button" library="SeleniumLibrary">
<arg>${btn-checkout}</arg>
<doc>Clicks the button identified by ``locator``.</doc>
<msg timestamp="20220206 00:43:47.594" level="INFO">Clicking button 'id:checkout'.</msg>
<status status="PASS" starttime="20220206 00:43:47.593" endtime="20220206 00:43:47.667"/>
</kw>
<status status="PASS" starttime="20220206 00:43:47.513" endtime="20220206 00:43:47.667"/>
</kw>
<kw name="Então darei continuidade a compra" library="checkout">
<kw name="Input Text" library="SeleniumLibrary">
<arg>${inp-Fname}</arg>
<arg>Rodrigo</arg>
<doc>Types the given ``text`` into the text field identified by ``locator``.</doc>
<msg timestamp="20220206 00:43:47.670" level="INFO">Typing text 'Rodrigo' into text field 'id:first-name'.</msg>
<status status="PASS" starttime="20220206 00:43:47.670" endtime="20220206 00:43:47.788"/>
</kw>
<kw name="Page Should Contain Textfield" library="SeleniumLibrary">
<arg>Rodrigo</arg>
<doc>Verifies text field ``locator`` is found from current page.</doc>
<msg timestamp="20220206 00:43:47.807" level="INFO">Current page contains text field 'Rodrigo'.</msg>
<status status="PASS" starttime="20220206 00:43:47.789" endtime="20220206 00:43:47.807"/>
</kw>
<kw name="Input Text" library="SeleniumLibrary">
<arg>${inp-Lname}</arg>
<arg>Pereira</arg>
<doc>Types the given ``text`` into the text field identified by ``locator``.</doc>
<msg timestamp="20220206 00:43:47.808" level="INFO">Typing text 'Pereira' into text field 'id:last-name'.</msg>
<status status="PASS" starttime="20220206 00:43:47.807" endtime="20220206 00:43:47.930"/>
</kw>
<kw name="Page Should Contain Textfield" library="SeleniumLibrary">
<arg>Pereira</arg>
<doc>Verifies text field ``locator`` is found from current page.</doc>
<msg timestamp="20220206 00:43:47.945" level="INFO">Current page contains text field 'Pereira'.</msg>
<status status="PASS" starttime="20220206 00:43:47.930" endtime="20220206 00:43:47.945"/>
</kw>
<kw name="Input Text" library="SeleniumLibrary">
<arg>${inp-Pcode}</arg>
<arg>412304</arg>
<doc>Types the given ``text`` into the text field identified by ``locator``.</doc>
<msg timestamp="20220206 00:43:47.946" level="INFO">Typing text '412304' into text field 'id:postal-code'.</msg>
<status status="PASS" starttime="20220206 00:43:47.946" endtime="20220206 00:43:48.057"/>
</kw>
<kw name="Page Should Contain Textfield" library="SeleniumLibrary">
<arg>412304</arg>
<doc>Verifies text field ``locator`` is found from current page.</doc>
<msg timestamp="20220206 00:43:48.071" level="INFO">Current page contains text field '412304'.</msg>
<status status="PASS" starttime="20220206 00:43:48.057" endtime="20220206 00:43:48.072"/>
</kw>
<kw name="Click Button" library="SeleniumLibrary">
<arg>${btn-continue}</arg>
<doc>Clicks the button identified by ``locator``.</doc>
<msg timestamp="20220206 00:43:48.072" level="INFO">Clicking button 'id:continue'.</msg>
<status status="PASS" starttime="20220206 00:43:48.072" endtime="20220206 00:43:48.147"/>
</kw>
<kw name="Click Button" library="SeleniumLibrary">
<arg>${btn-finish}</arg>
<doc>Clicks the button identified by ``locator``.</doc>
<msg timestamp="20220206 00:43:48.149" level="INFO">Clicking button 'id:finish'.</msg>
<status status="PASS" starttime="20220206 00:43:48.148" endtime="20220206 00:43:48.225"/>
</kw>
<status status="PASS" starttime="20220206 00:43:47.668" endtime="20220206 00:43:48.225"/>
</kw>
<kw name="Encerra sessão" library="base" type="TEARDOWN">
<kw name="Capture Page Screenshot" library="SeleniumLibrary">
<doc>Takes a screenshot of the current page and embeds it into a log file.</doc>
<msg timestamp="20220206 00:43:48.358" level="INFO" html="true">&lt;/td&gt;&lt;/tr&gt;&lt;tr&gt;&lt;td colspan="3"&gt;&lt;a href="selenium-screenshot-3.png"&gt;&lt;img src="selenium-screenshot-3.png" width="800px"&gt;&lt;/a&gt;</msg>
<status status="PASS" starttime="20220206 00:43:48.227" endtime="20220206 00:43:48.358"/>
</kw>
<kw name="Close Browser" library="SeleniumLibrary">
<doc>Closes the current browser.</doc>
<status status="PASS" starttime="20220206 00:43:48.358" endtime="20220206 00:43:50.668"/>
</kw>
<status status="PASS" starttime="20220206 00:43:48.226" endtime="20220206 00:43:50.670"/>
</kw>
<status status="PASS" starttime="20220206 00:43:44.181" endtime="20220206 00:43:50.673"/>
</test>
<status status="PASS" starttime="20220206 00:43:43.817" endtime="20220206 00:43:50.685"/>
</suite>
<statistics>
<total>
<stat pass="1" fail="0" skip="0">All Tests</stat>
</total>
<tag>
</tag>
<suite>
<stat pass="1" fail="0" skip="0" id="s1" name="SauceDemo">SauceDemo</stat>
</suite>
</statistics>
<errors>
</errors>
</robot>
