<?xml version="1.0" encoding="UTF-8"?>
<robot generator="Robot 4.1.3 (Python 3.10.2 on win32)" generated="20220205 22:55:01.317" rpa="false" schemaversion="2">
<suite id="s1" name="SauceDemo" source="D:\Q.A\SenceData\SauceDemo.robot">
<test id="s1-t1" name="Teste Desafio SenceData">
<kw name="Nova sessão" library="base" type="SETUP">
<kw name="Open Browser" library="SeleniumLibrary">
<arg>${url}</arg>
<arg>chrome</arg>
<doc>Opens a new browser instance to the optional ``url``.</doc>
<msg timestamp="20220205 22:55:01.698" level="INFO">Opening browser 'chrome' to base url 'https://www.saucedemo.com'.</msg>
<status status="PASS" starttime="20220205 22:55:01.698" endtime="20220205 22:55:04.124"/>
</kw>
<status status="PASS" starttime="20220205 22:55:01.698" endtime="20220205 22:55:04.124"/>
</kw>
<kw name="Dado Que eu faça login com usuário standard" library="login">
<kw name="Input Text" library="SeleniumLibrary">
<arg>${lblusername}</arg>
<arg>standard_user</arg>
<doc>Types the given ``text`` into the text field identified by ``locator``.</doc>
<msg timestamp="20220205 22:55:04.126" level="INFO">Typing text 'standard_user' into text field 'css:input[name=user-name]'.</msg>
<status status="PASS" starttime="20220205 22:55:04.126" endtime="20220205 22:55:04.259"/>
</kw>
<kw name="Page Should Contain" library="SeleniumLibrary">
<arg>standard_user</arg>
<doc>Verifies that current page contains ``text``.</doc>
<msg timestamp="20220205 22:55:04.274" level="INFO">Current page contains text 'standard_user'.</msg>
<status status="PASS" starttime="20220205 22:55:04.259" endtime="20220205 22:55:04.274"/>
</kw>
<kw name="Input Password" library="SeleniumLibrary">
<arg>${lblpassword}</arg>
<arg>secret_sauce</arg>
<doc>Types the given password into the text field identified by ``locator``.</doc>
<msg timestamp="20220205 22:55:04.275" level="INFO">Typing password into text field 'css:input[name=password]'.</msg>
<msg timestamp="20220205 22:55:04.304" level="INFO">Temporally setting log level to: NONE</msg>
<msg timestamp="20220205 22:55:04.413" level="INFO">Log level changed from NONE to INFO.</msg>
<status status="PASS" starttime="20220205 22:55:04.274" endtime="20220205 22:55:04.413"/>
</kw>
<kw name="Page Should Contain" library="SeleniumLibrary">
<arg>secret_sauce</arg>
<doc>Verifies that current page contains ``text``.</doc>
<msg timestamp="20220205 22:55:04.430" level="INFO">Current page contains text 'secret_sauce'.</msg>
<status status="PASS" starttime="20220205 22:55:04.413" endtime="20220205 22:55:04.430"/>
</kw>
<kw name="Click Button" library="SeleniumLibrary">
<arg>${btnlogin}</arg>
<doc>Clicks the button identified by ``locator``.</doc>
<msg timestamp="20220205 22:55:04.432" level="INFO">Clicking button 'id:login-button'.</msg>
<status status="PASS" starttime="20220205 22:55:04.431" endtime="20220205 22:55:04.575"/>
</kw>
<status status="PASS" starttime="20220205 22:55:04.125" endtime="20220205 22:55:04.575"/>
</kw>
<kw name="Quando ordenar o produto do menor para o maior" library="products">
<kw name="Select From List By Index" library="SeleniumLibrary">
<arg>${ordPrice}</arg>
<arg>2</arg>
<doc>Selects options from selection list ``locator`` by ``indexes``.</doc>
<msg timestamp="20220205 22:55:04.577" level="INFO">Selecting options from selection list 'xpath://select' by index 2.</msg>
<status status="PASS" starttime="20220205 22:55:04.576" endtime="20220205 22:55:04.710"/>
</kw>
<kw name="Page Should Contain" library="SeleniumLibrary">
<arg>Price (high to low)</arg>
<doc>Verifies that current page contains ``text``.</doc>
<msg timestamp="20220205 22:55:04.733" level="INFO">Current page contains text 'Price (high to low)'.</msg>
<status status="PASS" starttime="20220205 22:55:04.710" endtime="20220205 22:55:04.733"/>
</kw>
<status status="PASS" starttime="20220205 22:55:04.576" endtime="20220205 22:55:04.734"/>
</kw>
<kw name="E selecionar os produtos" library="products">
<kw name="Click Button" library="SeleniumLibrary">
<arg>${btn-LabOne}</arg>
<doc>Clicks the button identified by ``locator``.</doc>
<msg timestamp="20220205 22:55:04.735" level="INFO">Clicking button 'id:add-to-cart-sauce-labs-onesie'.</msg>
<status status="PASS" starttime="20220205 22:55:04.734" endtime="20220205 22:55:05.001"/>
</kw>
<kw name="Page Should Contain Element" library="SeleniumLibrary">
<arg>ADD TO CART</arg>
<doc>Verifies that element ``locator`` is found on the current page.</doc>
<msg timestamp="20220205 22:55:05.165" level="INFO" html="true">&lt;/td&gt;&lt;/tr&gt;&lt;tr&gt;&lt;td colspan="3"&gt;&lt;a href="selenium-screenshot-1.png"&gt;&lt;img src="selenium-screenshot-1.png" width="800px"&gt;&lt;/a&gt;</msg>
<msg timestamp="20220205 22:55:05.165" level="FAIL">Page should have contained element 'ADD TO CART' but did not.</msg>
<status status="FAIL" starttime="20220205 22:55:05.001" endtime="20220205 22:55:05.165"/>
</kw>
<kw name="Click Button" library="SeleniumLibrary">
<arg>${btn-TheThings}</arg>
<doc>Clicks the button identified by ``locator``.</doc>
<status status="NOT RUN" starttime="20220205 22:55:05.165" endtime="20220205 22:55:05.165"/>
</kw>
<kw name="Page Should Contain Element" library="SeleniumLibrary">
<arg>ADD TO CART</arg>
<doc>Verifies that element ``locator`` is found on the current page.</doc>
<status status="NOT RUN" starttime="20220205 22:55:05.165" endtime="20220205 22:55:05.165"/>
</kw>
<status status="FAIL" starttime="20220205 22:55:04.734" endtime="20220205 22:55:05.165"/>
</kw>
<kw name="E seguir para o carrinho" library="products">
<status status="NOT RUN" starttime="20220205 22:55:05.165" endtime="20220205 22:55:05.165"/>
</kw>
<kw name="Então darei continuidade a compra" library="checkout">
<status status="NOT RUN" starttime="20220205 22:55:05.165" endtime="20220205 22:55:05.165"/>
</kw>
<kw name="Encerra sessão" library="base" type="TEARDOWN">
<kw name="Capture Page Screenshot" library="SeleniumLibrary">
<doc>Takes a screenshot of the current page and embeds it into a log file.</doc>
<msg timestamp="20220205 22:55:05.306" level="INFO" html="true">&lt;/td&gt;&lt;/tr&gt;&lt;tr&gt;&lt;td colspan="3"&gt;&lt;a href="selenium-screenshot-2.png"&gt;&lt;img src="selenium-screenshot-2.png" width="800px"&gt;&lt;/a&gt;</msg>
<status status="PASS" starttime="20220205 22:55:05.173" endtime="20220205 22:55:05.306"/>
</kw>
<kw name="Close Browser" library="SeleniumLibrary">
<doc>Closes the current browser.</doc>
<status status="PASS" starttime="20220205 22:55:05.307" endtime="20220205 22:55:07.571"/>
</kw>
<status status="PASS" starttime="20220205 22:55:05.172" endtime="20220205 22:55:07.571"/>
</kw>
<status status="FAIL" starttime="20220205 22:55:01.697" endtime="20220205 22:55:07.571">Page should have contained element 'ADD TO CART' but did not.</status>
</test>
<status status="FAIL" starttime="20220205 22:55:01.317" endtime="20220205 22:55:07.571"/>
</suite>
<statistics>
<total>
<stat pass="0" fail="1" skip="0">All Tests</stat>
</total>
<tag>
</tag>
<suite>
<stat pass="0" fail="1" skip="0" id="s1" name="SauceDemo">SauceDemo</stat>
</suite>
</statistics>
<errors>
</errors>
</robot>
